<?xml version="1.0" encoding="UTF-8"?>
<!-- Generated by org.testng.reporters.JUnitReportReporter -->
<testsuite hostname="Admin" failures="0" tests="1" name="com.Actitime.Testscripts.TaskTest" time="16.486" errors="0" timestamp="2023-03-30T20:07:34 IST" skipped="0">
  <testcase classname="com.Actitime.Testscripts.TaskTest" name="createCustomer" time="16.486"/>
  <system-out/>
</testsuite> <!-- com.Actitime.Testscripts.TaskTest -->
